Using pre-set license
Built from '2020.3/staging' branch; Version is '2020.3.25f1 (9b9180224418) revision 10195328'; Using compiler version '192528614'; Build Type 'Release'
OS: 'Windows 10  (10.0.19044) 64bit Professional' Language: 'ko' Physical Memory: 32618 MB
BatchMode: 1, IsHumanControllingUs: 0, StartBugReporterOnCrash: 0, Is64bit: 1, IsPro: 0

COMMAND LINE ARGUMENTS:
C:\Program Files\Unity\Hub\Editor\2020.3.25f1\Editor\Unity.exe
-adb2
-batchMode
-noUpm
-name
AssetImportWorker0
-projectPath
C:/Users/user/Downloads/project-landmark-main/project-landmark-main
-logFile
Logs/AssetImportWorker0.log
-srvPort
55673
Successfully changed project path to: C:/Users/user/Downloads/project-landmark-main/project-landmark-main
C:/Users/user/Downloads/project-landmark-main/project-landmark-main
Using Asset Import Pipeline V2.
Refreshing native plugins compatible for Editor in 38.87 ms, found 2 plugins.
Preloading 0 native plugins for Editor in 0.00 ms.
Initialize engine version: 2020.3.25f1 (9b9180224418)
[Subsystems] Discovering subsystems at path C:/Program Files/Unity/Hub/Editor/2020.3.25f1/Editor/Data/Resources/UnitySubsystems
[Subsystems] Discovering subsystems at path C:/Users/user/Downloads/project-landmark-main/project-landmark-main/Assets
GfxDevice: creating device client; threaded=0
Direct3D:
    Version:  Direct3D 11.0 [level 11.1]
    Renderer: NVIDIA GeForce GTX 1070 (ID=0x1b81)
    Vendor:   
    VRAM:     8088 MB
    Driver:   27.21.14.5751
Initialize mono
Mono path[0] = 'C:/Program Files/Unity/Hub/Editor/2020.3.25f1/Editor/Data/Managed'
Mono path[1] = 'C:/Program Files/Unity/Hub/Editor/2020.3.25f1/Editor/Data/MonoBleedingEdge/lib/mono/unityjit'
Mono config path = 'C:/Program Files/Unity/Hub/Editor/2020.3.25f1/Editor/Data/MonoBleedingEdge/etc'
Using monoOptions --debugger-agent=transport=dt_socket,embedding=1,server=y,suspend=n,address=127.0.0.1:56800
Begin MonoManager ReloadAssembly
Registering precompiled unity dll's ...
Register platform support module: C:/Program Files/Unity/Hub/Editor/2020.3.25f1/Editor/Data/PlaybackEngines/WindowsStandaloneSupport/UnityEditor.WindowsStandalone.Extensions.dll
Registered in 0.004815 seconds.
Native extension for WindowsStandalone target not found
Refreshing native plugins compatible for Editor in 34.51 ms, found 2 plugins.
Preloading 0 native plugins for Editor in 0.00 ms.
Mono: successfully reloaded assembly
- Completed reload, in  0.673 seconds
Domain Reload Profiling:
	ReloadAssembly (673ms)
		BeginReloadAssembly (94ms)
			ExecutionOrderSort (0ms)
			DisableScriptedObjects (0ms)
			BackupInstance (0ms)
			ReleaseScriptingObjects (0ms)
			CreateAndSetChildDomain (1ms)
		EndReloadAssembly (487ms)
			LoadAssemblies (90ms)
			RebuildTransferFunctionScriptingTraits (0ms)
			SetupTypeCache (155ms)
			ReleaseScriptCaches (0ms)
			RebuildScriptCaches (34ms)
			SetupLoadedEditorAssemblies (174ms)
				LogAssemblyErrors (0ms)
				InitializePlatformSupportModulesInManaged (5ms)
				SetLoadedEditorAssemblies (0ms)
				RefreshPlugins (35ms)
				BeforeProcessingInitializeOnLoad (19ms)
				ProcessInitializeOnLoadAttributes (85ms)
				ProcessInitializeOnLoadMethodAttributes (30ms)
				AfterProcessingInitializeOnLoad (0ms)
				EditorAssembliesLoaded (0ms)
			ExecutionOrderSort2 (0ms)
			AwakeInstancesAfterBackupRestoration (0ms)
Platform modules already initialized, skipping
Registering precompiled user dll's ...
Registered in 0.010964 seconds.
Begin MonoManager ReloadAssembly
Native extension for WindowsStandalone target not found
Refreshing native plugins compatible for Editor in 0.34 ms, found 2 plugins.
Preloading 0 native plugins for Editor in 0.00 ms.
Mono: successfully reloaded assembly
- Completed reload, in  1.172 seconds
Domain Reload Profiling:
	ReloadAssembly (1173ms)
		BeginReloadAssembly (184ms)
			ExecutionOrderSort (0ms)
			DisableScriptedObjects (5ms)
			BackupInstance (0ms)
			ReleaseScriptingObjects (0ms)
			CreateAndSetChildDomain (19ms)
		EndReloadAssembly (911ms)
			LoadAssemblies (133ms)
			RebuildTransferFunctionScriptingTraits (0ms)
			SetupTypeCache (294ms)
			ReleaseScriptCaches (0ms)
			RebuildScriptCaches (49ms)
			SetupLoadedEditorAssemblies (365ms)
				LogAssemblyErrors (0ms)
				InitializePlatformSupportModulesInManaged (5ms)
				SetLoadedEditorAssemblies (1ms)
				RefreshPlugins (0ms)
				BeforeProcessingInitializeOnLoad (102ms)
				ProcessInitializeOnLoadAttributes (230ms)
				ProcessInitializeOnLoadMethodAttributes (11ms)
				AfterProcessingInitializeOnLoad (16ms)
				EditorAssembliesLoaded (0ms)
			ExecutionOrderSort2 (0ms)
			AwakeInstancesAfterBackupRestoration (7ms)
Platform modules already initialized, skipping
========================================================================
Worker process is ready to serve import requests
Launched and connected shader compiler UnityShaderCompiler.exe after 0.08 seconds
Refreshing native plugins compatible for Editor in 0.33 ms, found 2 plugins.
Preloading 0 native plugins for Editor in 0.00 ms.
Unloading 1515 Unused Serialized files (Serialized files now loaded: 0)
System memory in use before: 69.8 MB.
System memory in use after: 69.8 MB.

Unloading 19 unused Assets to reduce memory usage. Loaded Objects now: 1950.
Total: 2.434400 ms (FindLiveObjects: 0.129900 ms CreateObjectMapping: 0.050200 ms MarkObjects: 2.195300 ms  DeleteObjects: 0.058200 ms)

AssetImportParameters requested are different than current active one (requested -> active):
  custom:framework-win-MediaFoundation: 216162199b28c13a410421893ffa2e32 -> 
  custom:video-decoder-ogg-theora: a1e56fd34408186e4bbccfd4996cb3dc -> 
  custom:container-muxer-webm: aa71ff27fc2769a1b78a27578f13a17b -> 
  custom:container-demuxer-webm: 4f35f7cbe854078d1ac9338744f61a02 -> 
  custom:container-demuxer-ogg: 62fdf1f143b41e24485cea50d1cbac27 -> 
  custom:video-encoder-webm-vp8: eb34c28f22e8b96e1ab97ce403110664 -> 
  custom:video-decoder-webm-vp8: 9c59270c3fd7afecdb556c50c9e8de78 -> 
  custom:audio-decoder-ogg-vorbis: bf7c407c2cedff20999df2af8eb42d56 -> 
  custom:audio-encoder-webm-vorbis: bf7c407c2cedff20999df2af8eb42d56 -> 
========================================================================
Received Import Request.
  path: Assets/Scenes/loadingscen.unity
  artifactKey: Guid(15793f641fe67164ba5fcd2cdc7fe0ba) Importer(815301076,1909f56bfc062723c751e8b465ee728b)
Start importing Assets/Scenes/loadingscen.unity using Guid(15793f641fe67164ba5fcd2cdc7fe0ba) Importer(815301076,1909f56bfc062723c751e8b465ee728b)  -> (artifact id: '88078c7fadf932c92a93f0c48b764724') in 0.014956 seconds 
  Import took 0.017214 seconds .

========================================================================
Received Import Request.
  Time since last request: 0.000213 seconds.
  path: Assets/Scenes/main.unity
  artifactKey: Guid(9fc0d4010bbf28b4594072e72b8655ab) Importer(815301076,1909f56bfc062723c751e8b465ee728b)
Start importing Assets/Scenes/main.unity using Guid(9fc0d4010bbf28b4594072e72b8655ab) Importer(815301076,1909f56bfc062723c751e8b465ee728b)  -> (artifact id: '961651bd23f7ad546b68e9edca26dae5') in 0.005992 seconds 
  Import took 0.008281 seconds .

========================================================================
Received Import Request.
  Time since last request: 5.179980 seconds.
  path: Assets/Scenes/loadingscene.unity
  artifactKey: Guid(15793f641fe67164ba5fcd2cdc7fe0ba) Importer(815301076,1909f56bfc062723c751e8b465ee728b)
Start importing Assets/Scenes/loadingscene.unity using Guid(15793f641fe67164ba5fcd2cdc7fe0ba) Importer(815301076,1909f56bfc062723c751e8b465ee728b)  -> (artifact id: '4cda84da11f173ab63586660b2e15a94') in 0.005901 seconds 
  Import took 0.008283 seconds .

========================================================================
Received Prepare
Registering precompiled user dll's ...
Registered in 0.010442 seconds.
Begin MonoManager ReloadAssembly
Native extension for WindowsStandalone target not found
Refreshing native plugins compatible for Editor in 0.34 ms, found 2 plugins.
Preloading 0 native plugins for Editor in 0.00 ms.
Mono: successfully reloaded assembly
- Completed reload, in  1.119 seconds
Domain Reload Profiling:
	ReloadAssembly (1119ms)
		BeginReloadAssembly (154ms)
			ExecutionOrderSort (0ms)
			DisableScriptedObjects (5ms)
			BackupInstance (0ms)
			ReleaseScriptingObjects (0ms)
			CreateAndSetChildDomain (34ms)
		EndReloadAssembly (884ms)
			LoadAssemblies (134ms)
			RebuildTransferFunctionScriptingTraits (0ms)
			SetupTypeCache (290ms)
			ReleaseScriptCaches (1ms)
			RebuildScriptCaches (43ms)
			SetupLoadedEditorAssemblies (345ms)
				LogAssemblyErrors (0ms)
				InitializePlatformSupportModulesInManaged (6ms)
				SetLoadedEditorAssemblies (1ms)
				RefreshPlugins (1ms)
				BeforeProcessingInitializeOnLoad (95ms)
				ProcessInitializeOnLoadAttributes (216ms)
				ProcessInitializeOnLoadMethodAttributes (10ms)
				AfterProcessingInitializeOnLoad (17ms)
				EditorAssembliesLoaded (0ms)
			ExecutionOrderSort2 (0ms)
			AwakeInstancesAfterBackupRestoration (7ms)
Platform modules already initialized, skipping
Refreshing native plugins compatible for Editor in 0.35 ms, found 2 plugins.
Preloading 0 native plugins for Editor in 0.00 ms.
Unloading 1495 Unused Serialized files (Serialized files now loaded: 0)
System memory in use before: 68.4 MB.
System memory in use after: 68.5 MB.

Unloading 15 unused Assets to reduce memory usage. Loaded Objects now: 1951.
Total: 2.583400 ms (FindLiveObjects: 0.139000 ms CreateObjectMapping: 0.050800 ms MarkObjects: 2.377600 ms  DeleteObjects: 0.015300 ms)

AssetImportParameters requested are different than current active one (requested -> active):
  custom:framework-win-MediaFoundation: 216162199b28c13a410421893ffa2e32 -> 
  custom:video-decoder-ogg-theora: a1e56fd34408186e4bbccfd4996cb3dc -> 
  custom:container-muxer-webm: aa71ff27fc2769a1b78a27578f13a17b -> 
  custom:container-demuxer-webm: 4f35f7cbe854078d1ac9338744f61a02 -> 
  custom:container-demuxer-ogg: 62fdf1f143b41e24485cea50d1cbac27 -> 
  custom:video-encoder-webm-vp8: eb34c28f22e8b96e1ab97ce403110664 -> 
  custom:video-decoder-webm-vp8: 9c59270c3fd7afecdb556c50c9e8de78 -> 
  custom:audio-decoder-ogg-vorbis: bf7c407c2cedff20999df2af8eb42d56 -> 
  custom:audio-encoder-webm-vorbis: bf7c407c2cedff20999df2af8eb42d56 -> 
========================================================================
Received Import Request.
  Time since last request: 3103.949288 seconds.
  path: Assets/script/CameraSetting.cs
  artifactKey: Guid(845c73cba98d28c429b6e1c618f9a364) Importer(815301076,1909f56bfc062723c751e8b465ee728b)
Start importing Assets/script/CameraSetting.cs using Guid(845c73cba98d28c429b6e1c618f9a364) Importer(815301076,1909f56bfc062723c751e8b465ee728b)  -> (artifact id: '06f2110fe7e19e64075637de98a0fa0d') in 0.050295 seconds 
  Import took 0.053102 seconds .

========================================================================
Received Prepare
Registering precompiled user dll's ...
Registered in 0.010803 seconds.
Begin MonoManager ReloadAssembly
Native extension for WindowsStandalone target not found
Refreshing native plugins compatible for Editor in 0.33 ms, found 2 plugins.
Preloading 0 native plugins for Editor in 0.00 ms.
Mono: successfully reloaded assembly
- Completed reload, in  1.138 seconds
Domain Reload Profiling:
	ReloadAssembly (1138ms)
		BeginReloadAssembly (153ms)
			ExecutionOrderSort (0ms)
			DisableScriptedObjects (5ms)
			BackupInstance (0ms)
			ReleaseScriptingObjects (0ms)
			CreateAndSetChildDomain (32ms)
		EndReloadAssembly (903ms)
			LoadAssemblies (133ms)
			RebuildTransferFunctionScriptingTraits (0ms)
			SetupTypeCache (316ms)
			ReleaseScriptCaches (1ms)
			RebuildScriptCaches (43ms)
			SetupLoadedEditorAssemblies (339ms)
				LogAssemblyErrors (0ms)
				InitializePlatformSupportModulesInManaged (5ms)
				SetLoadedEditorAssemblies (0ms)
				RefreshPlugins (0ms)
				BeforeProcessingInitializeOnLoad (94ms)
				ProcessInitializeOnLoadAttributes (212ms)
				ProcessInitializeOnLoadMethodAttributes (10ms)
				AfterProcessingInitializeOnLoad (16ms)
				EditorAssembliesLoaded (0ms)
			ExecutionOrderSort2 (0ms)
			AwakeInstancesAfterBackupRestoration (8ms)
Platform modules already initialized, skipping
Refreshing native plugins compatible for Editor in 0.33 ms, found 2 plugins.
Preloading 0 native plugins for Editor in 0.00 ms.
Unloading 1496 Unused Serialized files (Serialized files now loaded: 0)
System memory in use before: 68.4 MB.
System memory in use after: 68.5 MB.

Unloading 14 unused Assets to reduce memory usage. Loaded Objects now: 1954.
Total: 2.741900 ms (FindLiveObjects: 0.129500 ms CreateObjectMapping: 0.047200 ms MarkObjects: 2.550500 ms  DeleteObjects: 0.013900 ms)

AssetImportParameters requested are different than current active one (requested -> active):
  custom:framework-win-MediaFoundation: 216162199b28c13a410421893ffa2e32 -> 
  custom:video-decoder-ogg-theora: a1e56fd34408186e4bbccfd4996cb3dc -> 
  custom:container-muxer-webm: aa71ff27fc2769a1b78a27578f13a17b -> 
  custom:container-demuxer-webm: 4f35f7cbe854078d1ac9338744f61a02 -> 
  custom:container-demuxer-ogg: 62fdf1f143b41e24485cea50d1cbac27 -> 
  custom:video-encoder-webm-vp8: eb34c28f22e8b96e1ab97ce403110664 -> 
  custom:video-decoder-webm-vp8: 9c59270c3fd7afecdb556c50c9e8de78 -> 
  custom:audio-decoder-ogg-vorbis: bf7c407c2cedff20999df2af8eb42d56 -> 
  custom:audio-encoder-webm-vorbis: bf7c407c2cedff20999df2af8eb42d56 -> 
========================================================================
Received Prepare
Registering precompiled user dll's ...
Registered in 0.010937 seconds.
Begin MonoManager ReloadAssembly
Native extension for WindowsStandalone target not found
Refreshing native plugins compatible for Editor in 0.34 ms, found 2 plugins.
Preloading 0 native plugins for Editor in 0.00 ms.
Mono: successfully reloaded assembly
- Completed reload, in  1.107 seconds
Domain Reload Profiling:
	ReloadAssembly (1108ms)
		BeginReloadAssembly (158ms)
			ExecutionOrderSort (0ms)
			DisableScriptedObjects (5ms)
			BackupInstance (0ms)
			ReleaseScriptingObjects (0ms)
			CreateAndSetChildDomain (32ms)
		EndReloadAssembly (872ms)
			LoadAssemblies (130ms)
			RebuildTransferFunctionScriptingTraits (0ms)
			SetupTypeCache (284ms)
			ReleaseScriptCaches (1ms)
			RebuildScriptCaches (43ms)
			SetupLoadedEditorAssemblies (341ms)
				LogAssemblyErrors (0ms)
				InitializePlatformSupportModulesInManaged (6ms)
				SetLoadedEditorAssemblies (1ms)
				RefreshPlugins (0ms)
				BeforeProcessingInitializeOnLoad (95ms)
				ProcessInitializeOnLoadAttributes (213ms)
				ProcessInitializeOnLoadMethodAttributes (10ms)
				AfterProcessingInitializeOnLoad (16ms)
				EditorAssembliesLoaded (0ms)
			ExecutionOrderSort2 (0ms)
			AwakeInstancesAfterBackupRestoration (7ms)
Platform modules already initialized, skipping
Refreshing native plugins compatible for Editor in 0.36 ms, found 2 plugins.
Preloading 0 native plugins for Editor in 0.00 ms.
Unloading 1496 Unused Serialized files (Serialized files now loaded: 0)
System memory in use before: 68.4 MB.
System memory in use after: 68.5 MB.

Unloading 14 unused Assets to reduce memory usage. Loaded Objects now: 1956.
Total: 2.822000 ms (FindLiveObjects: 0.187800 ms CreateObjectMapping: 0.061700 ms MarkObjects: 2.553900 ms  DeleteObjects: 0.017500 ms)

AssetImportParameters requested are different than current active one (requested -> active):
  custom:framework-win-MediaFoundation: 216162199b28c13a410421893ffa2e32 -> 
  custom:video-decoder-ogg-theora: a1e56fd34408186e4bbccfd4996cb3dc -> 
  custom:container-muxer-webm: aa71ff27fc2769a1b78a27578f13a17b -> 
  custom:container-demuxer-webm: 4f35f7cbe854078d1ac9338744f61a02 -> 
  custom:container-demuxer-ogg: 62fdf1f143b41e24485cea50d1cbac27 -> 
  custom:video-encoder-webm-vp8: eb34c28f22e8b96e1ab97ce403110664 -> 
  custom:video-decoder-webm-vp8: 9c59270c3fd7afecdb556c50c9e8de78 -> 
  custom:audio-decoder-ogg-vorbis: bf7c407c2cedff20999df2af8eb42d56 -> 
  custom:audio-encoder-webm-vorbis: bf7c407c2cedff20999df2af8eb42d56 -> 
========================================================================
Received Prepare
Registering precompiled user dll's ...
Registered in 0.012232 seconds.
Begin MonoManager ReloadAssembly
Native extension for WindowsStandalone target not found
Refreshing native plugins compatible for Editor in 0.34 ms, found 2 plugins.
Preloading 0 native plugins for Editor in 0.00 ms.
Mono: successfully reloaded assembly
- Completed reload, in  1.093 seconds
Domain Reload Profiling:
	ReloadAssembly (1093ms)
		BeginReloadAssembly (144ms)
			ExecutionOrderSort (0ms)
			DisableScriptedObjects (5ms)
			BackupInstance (0ms)
			ReleaseScriptingObjects (0ms)
			CreateAndSetChildDomain (32ms)
		EndReloadAssembly (869ms)
			LoadAssemblies (130ms)
			RebuildTransferFunctionScriptingTraits (0ms)
			SetupTypeCache (280ms)
			ReleaseScriptCaches (1ms)
			RebuildScriptCaches (44ms)
			SetupLoadedEditorAssemblies (340ms)
				LogAssemblyErrors (0ms)
				InitializePlatformSupportModulesInManaged (5ms)
				SetLoadedEditorAssemblies (1ms)
				RefreshPlugins (0ms)
				BeforeProcessingInitializeOnLoad (96ms)
				ProcessInitializeOnLoadAttributes (212ms)
				ProcessInitializeOnLoadMethodAttributes (10ms)
				AfterProcessingInitializeOnLoad (16ms)
				EditorAssembliesLoaded (0ms)
			ExecutionOrderSort2 (0ms)
			AwakeInstancesAfterBackupRestoration (7ms)
Platform modules already initialized, skipping
Refreshing native plugins compatible for Editor in 0.34 ms, found 2 plugins.
Preloading 0 native plugins for Editor in 0.00 ms.
Unloading 1496 Unused Serialized files (Serialized files now loaded: 0)
System memory in use before: 68.4 MB.
System memory in use after: 68.5 MB.

Unloading 14 unused Assets to reduce memory usage. Loaded Objects now: 1958.
Total: 2.469300 ms (FindLiveObjects: 0.131200 ms CreateObjectMapping: 0.045700 ms MarkObjects: 2.276400 ms  DeleteObjects: 0.014700 ms)

AssetImportParameters requested are different than current active one (requested -> active):
  custom:framework-win-MediaFoundation: 216162199b28c13a410421893ffa2e32 -> 
  custom:video-decoder-ogg-theora: a1e56fd34408186e4bbccfd4996cb3dc -> 
  custom:container-muxer-webm: aa71ff27fc2769a1b78a27578f13a17b -> 
  custom:container-demuxer-webm: 4f35f7cbe854078d1ac9338744f61a02 -> 
  custom:container-demuxer-ogg: 62fdf1f143b41e24485cea50d1cbac27 -> 
  custom:video-encoder-webm-vp8: eb34c28f22e8b96e1ab97ce403110664 -> 
  custom:video-decoder-webm-vp8: 9c59270c3fd7afecdb556c50c9e8de78 -> 
  custom:audio-decoder-ogg-vorbis: bf7c407c2cedff20999df2af8eb42d56 -> 
  custom:audio-encoder-webm-vorbis: bf7c407c2cedff20999df2af8eb42d56 -> 
========================================================================
Received Prepare
Registering precompiled user dll's ...
Registered in 0.011676 seconds.
Begin MonoManager ReloadAssembly
Native extension for WindowsStandalone target not found
Refreshing native plugins compatible for Editor in 0.34 ms, found 2 plugins.
Preloading 0 native plugins for Editor in 0.00 ms.
Mono: successfully reloaded assembly
- Completed reload, in  1.110 seconds
Domain Reload Profiling:
	ReloadAssembly (1111ms)
		BeginReloadAssembly (170ms)
			ExecutionOrderSort (0ms)
			DisableScriptedObjects (15ms)
			BackupInstance (0ms)
			ReleaseScriptingObjects (0ms)
			CreateAndSetChildDomain (31ms)
		EndReloadAssembly (864ms)
			LoadAssemblies (131ms)
			RebuildTransferFunctionScriptingTraits (0ms)
			SetupTypeCache (279ms)
			ReleaseScriptCaches (1ms)
			RebuildScriptCaches (44ms)
			SetupLoadedEditorAssemblies (337ms)
				LogAssemblyErrors (0ms)
				InitializePlatformSupportModulesInManaged (5ms)
				SetLoadedEditorAssemblies (1ms)
				RefreshPlugins (0ms)
				BeforeProcessingInitializeOnLoad (94ms)
				ProcessInitializeOnLoadAttributes (211ms)
				ProcessInitializeOnLoadMethodAttributes (10ms)
				AfterProcessingInitializeOnLoad (16ms)
				EditorAssembliesLoaded (0ms)
			ExecutionOrderSort2 (0ms)
			AwakeInstancesAfterBackupRestoration (7ms)
Platform modules already initialized, skipping
Refreshing native plugins compatible for Editor in 0.34 ms, found 2 plugins.
Preloading 0 native plugins for Editor in 0.00 ms.
Unloading 1496 Unused Serialized files (Serialized files now loaded: 0)
System memory in use before: 68.4 MB.
System memory in use after: 68.5 MB.

Unloading 14 unused Assets to reduce memory usage. Loaded Objects now: 1960.
Total: 2.386300 ms (FindLiveObjects: 0.125000 ms CreateObjectMapping: 0.049800 ms MarkObjects: 2.196600 ms  DeleteObjects: 0.014200 ms)

AssetImportParameters requested are different than current active one (requested -> active):
  custom:framework-win-MediaFoundation: 216162199b28c13a410421893ffa2e32 -> 
  custom:video-decoder-ogg-theora: a1e56fd34408186e4bbccfd4996cb3dc -> 
  custom:container-muxer-webm: aa71ff27fc2769a1b78a27578f13a17b -> 
  custom:container-demuxer-webm: 4f35f7cbe854078d1ac9338744f61a02 -> 
  custom:container-demuxer-ogg: 62fdf1f143b41e24485cea50d1cbac27 -> 
  custom:video-encoder-webm-vp8: eb34c28f22e8b96e1ab97ce403110664 -> 
  custom:video-decoder-webm-vp8: 9c59270c3fd7afecdb556c50c9e8de78 -> 
  custom:audio-decoder-ogg-vorbis: bf7c407c2cedff20999df2af8eb42d56 -> 
  custom:audio-encoder-webm-vorbis: bf7c407c2cedff20999df2af8eb42d56 -> 
========================================================================
Received Import Request.
  Time since last request: 382.385155 seconds.
  path: Assets/TextMesh Pro/Fonts
  artifactKey: Guid(6ab70aee4d56447429c680537fbf93ed) Importer(815301076,1909f56bfc062723c751e8b465ee728b)
Start importing Assets/TextMesh Pro/Fonts using Guid(6ab70aee4d56447429c680537fbf93ed) Importer(815301076,1909f56bfc062723c751e8b465ee728b)  -> (artifact id: 'c860dfdf0522eec1202f36843e52d436') in 0.009007 seconds 
  Import took 0.011513 seconds .

========================================================================
Received Import Request.
  Time since last request: 2.595999 seconds.
  path: Assets/script/CameraSetting.cs
  artifactKey: Guid(845c73cba98d28c429b6e1c618f9a364) Importer(815301076,1909f56bfc062723c751e8b465ee728b)
Start importing Assets/script/CameraSetting.cs using Guid(845c73cba98d28c429b6e1c618f9a364) Importer(815301076,1909f56bfc062723c751e8b465ee728b)  -> (artifact id: '157851ec1d3e304085ce1ff378abfb8a') in 0.004886 seconds 
  Import took 0.007301 seconds .

========================================================================
Received Import Request.
  Time since last request: 42.797205 seconds.
  path: Assets/Scenes/play.unity
  artifactKey: Guid(5e641a696c822aa40a529c856a11b6c3) Importer(815301076,1909f56bfc062723c751e8b465ee728b)
Start importing Assets/Scenes/play.unity using Guid(5e641a696c822aa40a529c856a11b6c3) Importer(815301076,1909f56bfc062723c751e8b465ee728b)  -> (artifact id: 'c392e5e2c053d7006d9388eb86d27288') in 0.018388 seconds 
  Import took 0.020827 seconds .

========================================================================
Received Prepare
Registering precompiled user dll's ...
Registered in 0.012145 seconds.
Begin MonoManager ReloadAssembly
Native extension for WindowsStandalone target not found
Refreshing native plugins compatible for Editor in 0.33 ms, found 2 plugins.
Preloading 0 native plugins for Editor in 0.00 ms.
Mono: successfully reloaded assembly
- Completed reload, in  1.090 seconds
Domain Reload Profiling:
	ReloadAssembly (1090ms)
		BeginReloadAssembly (153ms)
			ExecutionOrderSort (0ms)
			DisableScriptedObjects (5ms)
			BackupInstance (0ms)
			ReleaseScriptingObjects (0ms)
			CreateAndSetChildDomain (31ms)
		EndReloadAssembly (860ms)
			LoadAssemblies (130ms)
			RebuildTransferFunctionScriptingTraits (0ms)
			SetupTypeCache (276ms)
			ReleaseScriptCaches (1ms)
			RebuildScriptCaches (44ms)
			SetupLoadedEditorAssemblies (338ms)
				LogAssemblyErrors (0ms)
				InitializePlatformSupportModulesInManaged (5ms)
				SetLoadedEditorAssemblies (1ms)
				RefreshPlugins (0ms)
				BeforeProcessingInitializeOnLoad (94ms)
				ProcessInitializeOnLoadAttributes (210ms)
				ProcessInitializeOnLoadMethodAttributes (10ms)
				AfterProcessingInitializeOnLoad (16ms)
				EditorAssembliesLoaded (0ms)
			ExecutionOrderSort2 (0ms)
			AwakeInstancesAfterBackupRestoration (7ms)
Platform modules already initialized, skipping
Refreshing native plugins compatible for Editor in 0.34 ms, found 2 plugins.
Preloading 0 native plugins for Editor in 0.00 ms.
Unloading 1496 Unused Serialized files (Serialized files now loaded: 0)
System memory in use before: 68.4 MB.
System memory in use after: 68.6 MB.

Unloading 14 unused Assets to reduce memory usage. Loaded Objects now: 1962.
Total: 2.561600 ms (FindLiveObjects: 0.125100 ms CreateObjectMapping: 0.052400 ms MarkObjects: 2.367900 ms  DeleteObjects: 0.015300 ms)

AssetImportParameters requested are different than current active one (requested -> active):
  custom:framework-win-MediaFoundation: 216162199b28c13a410421893ffa2e32 -> 
  custom:video-decoder-ogg-theora: a1e56fd34408186e4bbccfd4996cb3dc -> 
  custom:container-muxer-webm: aa71ff27fc2769a1b78a27578f13a17b -> 
  custom:container-demuxer-webm: 4f35f7cbe854078d1ac9338744f61a02 -> 
  custom:container-demuxer-ogg: 62fdf1f143b41e24485cea50d1cbac27 -> 
  custom:video-encoder-webm-vp8: eb34c28f22e8b96e1ab97ce403110664 -> 
  custom:video-decoder-webm-vp8: 9c59270c3fd7afecdb556c50c9e8de78 -> 
  custom:audio-decoder-ogg-vorbis: bf7c407c2cedff20999df2af8eb42d56 -> 
  custom:audio-encoder-webm-vorbis: bf7c407c2cedff20999df2af8eb42d56 -> 
========================================================================
Received Import Request.
  Time since last request: 294.554055 seconds.
  path: Assets/TextMesh Pro/Fonts/LiberationSans.ttf
  artifactKey: Guid(e3265ab4bf004d28a9537516768c1c75) Importer(815301076,1909f56bfc062723c751e8b465ee728b)
Start importing Assets/TextMesh Pro/Fonts/LiberationSans.ttf using Guid(e3265ab4bf004d28a9537516768c1c75) Importer(815301076,1909f56bfc062723c751e8b465ee728b)  -> (artifact id: 'bdddd331c3f1b7826858a8d92db67e39') in 0.139939 seconds 
  Import took 0.143674 seconds .

========================================================================
Received Import Request.
  Time since last request: 286.264994 seconds.
  path: Assets/TextMesh Pro/Resources/Fonts & Materials/LiberationSans SDF.asset
  artifactKey: Guid(8f586378b4e144a9851e7b34d9b748ee) Importer(815301076,1909f56bfc062723c751e8b465ee728b)
Start importing Assets/TextMesh Pro/Resources/Fonts & Materials/LiberationSans SDF.asset using Guid(8f586378b4e144a9851e7b34d9b748ee) Importer(815301076,1909f56bfc062723c751e8b465ee728b)  -> (artifact id: 'f1280cc7be10b532b2897fc8654f95d3') in 0.074590 seconds 
  Import took 0.077826 seconds .

========================================================================
Received Import Request.
  Time since last request: 0.000317 seconds.
  path: Assets/TextMesh Pro/Resources/Fonts & Materials/LiberationSans SDF - Fallback.asset
  artifactKey: Guid(2e498d1c8094910479dc3e1b768306a4) Importer(815301076,1909f56bfc062723c751e8b465ee728b)
Start importing Assets/TextMesh Pro/Resources/Fonts & Materials/LiberationSans SDF - Fallback.asset using Guid(2e498d1c8094910479dc3e1b768306a4) Importer(815301076,1909f56bfc062723c751e8b465ee728b)  -> (artifact id: 'b8c2210586957436df79bf961aeff06e') in 0.018952 seconds 
  Import took 0.021903 seconds .

========================================================================
Received Import Request.
  Time since last request: 22.527303 seconds.
  path: Assets/TextMesh Pro/Fonts/LiberationSans SDF.asset
  artifactKey: Guid(816b1daafc0a9854b9eae53abfe565ca) Importer(815301076,1909f56bfc062723c751e8b465ee728b)
Start importing Assets/TextMesh Pro/Fonts/LiberationSans SDF.asset using Guid(816b1daafc0a9854b9eae53abfe565ca) Importer(815301076,1909f56bfc062723c751e8b465ee728b)  -> (artifact id: '01893dfb02672c4fb02a46ceed63a95c') in 0.026951 seconds 
  Import took 0.029668 seconds .

========================================================================
Received Import Request.
  Time since last request: 8.361726 seconds.
  path: Assets/TextMesh Pro/Fonts/유니티 Font Asset Creator 텍스트모음.txt
  artifactKey: Guid(018f331474b3708458337c61dc4512af) Importer(815301076,1909f56bfc062723c751e8b465ee728b)
Start importing Assets/TextMesh Pro/Fonts/유니티 Font Asset Creator 텍스트모음.txt using Guid(018f331474b3708458337c61dc4512af) Importer(815301076,1909f56bfc062723c751e8b465ee728b)  -> (artifact id: '63d2585184aa4927b550fec5427f5b9a') in 0.016374 seconds 
  Import took 0.018930 seconds .

========================================================================
Received Import Request.
  Time since last request: 71.531962 seconds.
  path: Assets/TextMesh Pro/Resources/TMP Settings.asset
  artifactKey: Guid(3f5b5dff67a942289a9defa416b206f3) Importer(815301076,1909f56bfc062723c751e8b465ee728b)
Start importing Assets/TextMesh Pro/Resources/TMP Settings.asset using Guid(3f5b5dff67a942289a9defa416b206f3) Importer(815301076,1909f56bfc062723c751e8b465ee728b)  -> (artifact id: '80217e6c75f9d2e4957cbc8093faaf48') in 0.037974 seconds 
  Import took 0.040633 seconds .

========================================================================
Received Import Request.
  Time since last request: 130.568788 seconds.
  path: Assets/TextMesh Pro/Fonts/LiberationSans.ttf
  artifactKey: Guid(e3265ab4bf004d28a9537516768c1c75) Importer(815301076,1909f56bfc062723c751e8b465ee728b)
Start importing Assets/TextMesh Pro/Fonts/LiberationSans.ttf using Guid(e3265ab4bf004d28a9537516768c1c75) Importer(815301076,1909f56bfc062723c751e8b465ee728b)  -> (artifact id: 'c00c61c6bd757739e3635e67ce7e58bb') in 0.019552 seconds 
  Import took 0.022371 seconds .

========================================================================
Received Import Request.
  Time since last request: 10.815298 seconds.
  path: Assets/TextMesh Pro/Sprites/EmojiOne.png
  artifactKey: Guid(dffef66376be4fa480fb02b19edbe903) Importer(815301076,1909f56bfc062723c751e8b465ee728b)
Start importing Assets/TextMesh Pro/Sprites/EmojiOne.png using Guid(dffef66376be4fa480fb02b19edbe903) Importer(815301076,1909f56bfc062723c751e8b465ee728b)  -> (artifact id: 'd78a27303d38c5bc73b55289faa0930d') in 0.099815 seconds 
  Import took 0.102692 seconds .

========================================================================
Received Import Request.
  Time since last request: 5.883524 seconds.
  path: Assets/TextMesh Pro/Fonts/LiberationSans - OFL.txt
  artifactKey: Guid(6e59c59b81ab47f9b6ec5781fa725d2c) Importer(815301076,1909f56bfc062723c751e8b465ee728b)
Start importing Assets/TextMesh Pro/Fonts/LiberationSans - OFL.txt using Guid(6e59c59b81ab47f9b6ec5781fa725d2c) Importer(815301076,1909f56bfc062723c751e8b465ee728b)  -> (artifact id: 'd8ed59a48b952935c94a9302b2b79e3d') in 0.006764 seconds 
  Import took 0.009399 seconds .

========================================================================
Received Import Request.
  Time since last request: 82.085350 seconds.
  path: Assets/TextMesh Pro/Fonts/korean.asset
  artifactKey: Guid(bc34869b83653444aa7256535cd3d802) Importer(815301076,1909f56bfc062723c751e8b465ee728b)
Start importing Assets/TextMesh Pro/Fonts/korean.asset using Guid(bc34869b83653444aa7256535cd3d802) Importer(815301076,1909f56bfc062723c751e8b465ee728b)  -> (artifact id: '681653c63049b328b3917ee3607664ab') in 0.025961 seconds 
  Import took 0.029524 seconds .

========================================================================
Received Import Request.
  Time since last request: 0.000259 seconds.
  path: Assets/TextMesh Pro/Fonts/LiberationSans SDF.asset
  artifactKey: Guid(816b1daafc0a9854b9eae53abfe565ca) Importer(815301076,1909f56bfc062723c751e8b465ee728b)
Start importing Assets/TextMesh Pro/Fonts/LiberationSans SDF.asset using Guid(816b1daafc0a9854b9eae53abfe565ca) Importer(815301076,1909f56bfc062723c751e8b465ee728b)  -> (artifact id: '1d822106451e73655332995aa89682c1') in 0.026912 seconds 
  Import took 0.029767 seconds .

========================================================================
Received Import Request.
  Time since last request: 105.929123 seconds.
  path: Assets/TextMesh Pro/Fonts/ㅂㅂㅂ.asset
  artifactKey: Guid(be43b0000cf2fa041b1e142194401e5a) Importer(815301076,1909f56bfc062723c751e8b465ee728b)
Start importing Assets/TextMesh Pro/Fonts/ㅂㅂㅂ.asset using Guid(be43b0000cf2fa041b1e142194401e5a) Importer(815301076,1909f56bfc062723c751e8b465ee728b)  -> (artifact id: 'c57f1e377df18d5adfbed9347b04fcc0') in 0.025342 seconds 
  Import took 0.028120 seconds .

========================================================================
Received Import Request.
  Time since last request: 145.872574 seconds.
  path: Assets/TextMesh Pro/Fonts/NotoSansKR-Black SDF.asset
  artifactKey: Guid(03aaf26f45c7ae1468c8089735b2bc31) Importer(815301076,1909f56bfc062723c751e8b465ee728b)
Start importing Assets/TextMesh Pro/Fonts/NotoSansKR-Black SDF.asset using Guid(03aaf26f45c7ae1468c8089735b2bc31) Importer(815301076,1909f56bfc062723c751e8b465ee728b)  -> (artifact id: '46863f401a6407825e2f2a826ebae6a4') in 0.447723 seconds 
  Import took 0.452324 seconds .

========================================================================
Received Import Request.
  Time since last request: 0.000252 seconds.
  path: Assets/TextMesh Pro/Fonts/NotoSansKR-Thin.otf
  artifactKey: Guid(85d2893767c04734b9170df2b54ee5f7) Importer(815301076,1909f56bfc062723c751e8b465ee728b)
Start importing Assets/TextMesh Pro/Fonts/NotoSansKR-Thin.otf using Guid(85d2893767c04734b9170df2b54ee5f7) Importer(815301076,1909f56bfc062723c751e8b465ee728b)  -> (artifact id: 'f1d280ea9e97cf6cace8d20686aa258f') in 0.026700 seconds 
  Import took 0.029624 seconds .

========================================================================
Received Import Request.
  Time since last request: 0.000246 seconds.
  path: Assets/TextMesh Pro/Fonts/NotoSansKR-Medium.otf
  artifactKey: Guid(b774fb612de3cdb4c89cbada18e5c371) Importer(815301076,1909f56bfc062723c751e8b465ee728b)
Start importing Assets/TextMesh Pro/Fonts/NotoSansKR-Medium.otf using Guid(b774fb612de3cdb4c89cbada18e5c371) Importer(815301076,1909f56bfc062723c751e8b465ee728b)  -> (artifact id: '3e7cab049cbd3f5d88ecab78d9f36578') in 0.023110 seconds 
  Import took 0.026023 seconds .

========================================================================
Received Import Request.
  Time since last request: 0.000225 seconds.
  path: Assets/TextMesh Pro/Fonts/NotoSansKR-Thin SDF.asset
  artifactKey: Guid(c4cfe9008e9b6ca40bc1206f76fa627d) Importer(815301076,1909f56bfc062723c751e8b465ee728b)
Start importing Assets/TextMesh Pro/Fonts/NotoSansKR-Thin SDF.asset using Guid(c4cfe9008e9b6ca40bc1206f76fa627d) Importer(815301076,1909f56bfc062723c751e8b465ee728b)  -> (artifact id: '948d95549d17b2a24b3457e7a99d531b') in 0.395276 seconds 
  Import took 0.398724 seconds .

========================================================================
Received Import Request.
  Time since last request: 0.000241 seconds.
  path: Assets/TextMesh Pro/Fonts/NotoSansKR-Regular.otf
  artifactKey: Guid(7b8827f97eaa9f545898496fa5b9e699) Importer(815301076,1909f56bfc062723c751e8b465ee728b)
Start importing Assets/TextMesh Pro/Fonts/NotoSansKR-Regular.otf using Guid(7b8827f97eaa9f545898496fa5b9e699) Importer(815301076,1909f56bfc062723c751e8b465ee728b)  -> (artifact id: 'be224a2156581abf14268745ce6959fb') in 0.022391 seconds 
  Import took 0.025381 seconds .

========================================================================
Received Import Request.
  Time since last request: 0.000253 seconds.
  path: Assets/TextMesh Pro/Fonts/NotoSansKR-Black.otf
  artifactKey: Guid(50e191cbbecaa2a47a2ccc49adf2f59f) Importer(815301076,1909f56bfc062723c751e8b465ee728b)
Start importing Assets/TextMesh Pro/Fonts/NotoSansKR-Black.otf using Guid(50e191cbbecaa2a47a2ccc49adf2f59f) Importer(815301076,1909f56bfc062723c751e8b465ee728b)  -> (artifact id: '1ea74257b3eed52e0d15767ad9512071') in 0.020304 seconds 
  Import took 0.023188 seconds .

========================================================================
Received Import Request.
  Time since last request: 0.000235 seconds.
  path: Assets/TextMesh Pro/Fonts/NotoSansKR-Bold.otf
  artifactKey: Guid(af00e4647c178a549b14ea6222eb7a87) Importer(815301076,1909f56bfc062723c751e8b465ee728b)
Start importing Assets/TextMesh Pro/Fonts/NotoSansKR-Bold.otf using Guid(af00e4647c178a549b14ea6222eb7a87) Importer(815301076,1909f56bfc062723c751e8b465ee728b)  -> (artifact id: 'ba6f155df1469925d6c361f5162d5358') in 0.021993 seconds 
  Import took 0.024833 seconds .

========================================================================
Received Import Request.
  Time since last request: 0.000240 seconds.
  path: Assets/TextMesh Pro/Fonts/NotoSansKR-Regular SDF.asset
  artifactKey: Guid(6d93be5ea8fbde04d9e605e15b6caabd) Importer(815301076,1909f56bfc062723c751e8b465ee728b)
Start importing Assets/TextMesh Pro/Fonts/NotoSansKR-Regular SDF.asset using Guid(6d93be5ea8fbde04d9e605e15b6caabd) Importer(815301076,1909f56bfc062723c751e8b465ee728b)  -> (artifact id: '7d94de3e69fc6d3311d4efdc80612d25') in 0.394237 seconds 
  Import took 0.397979 seconds .

========================================================================
Received Import Request.
  Time since last request: 0.000234 seconds.
  path: Assets/TextMesh Pro/Fonts/NotoSansKR-Light.otf
  artifactKey: Guid(18b4d560d32cfe14b814d481e689e4ae) Importer(815301076,1909f56bfc062723c751e8b465ee728b)
Start importing Assets/TextMesh Pro/Fonts/NotoSansKR-Light.otf using Guid(18b4d560d32cfe14b814d481e689e4ae) Importer(815301076,1909f56bfc062723c751e8b465ee728b)  -> (artifact id: '598abb7a20ab44875733415b11a7f128') in 0.023200 seconds 
  Import took 0.026018 seconds .

========================================================================
Received Import Request.
  Time since last request: 395.050915 seconds.
  path: Assets/Scenes/main.unity
  artifactKey: Guid(9fc0d4010bbf28b4594072e72b8655ab) Importer(815301076,1909f56bfc062723c751e8b465ee728b)
Start importing Assets/Scenes/main.unity using Guid(9fc0d4010bbf28b4594072e72b8655ab) Importer(815301076,1909f56bfc062723c751e8b465ee728b)  -> (artifact id: '513a11e282a4a93126750959aff765ca') in 0.006398 seconds 
  Import took 0.009800 seconds .

========================================================================
Received Prepare
Registering precompiled user dll's ...
Registered in 0.011713 seconds.
Begin MonoManager ReloadAssembly
Native extension for WindowsStandalone target not found
Refreshing native plugins compatible for Editor in 0.45 ms, found 2 plugins.
Preloading 0 native plugins for Editor in 0.00 ms.
Mono: successfully reloaded assembly
- Completed reload, in  1.155 seconds
Domain Reload Profiling:
	ReloadAssembly (1156ms)
		BeginReloadAssembly (168ms)
			ExecutionOrderSort (0ms)
			DisableScriptedObjects (5ms)
			BackupInstance (0ms)
			ReleaseScriptingObjects (0ms)
			CreateAndSetChildDomain (36ms)
		EndReloadAssembly (907ms)
			LoadAssemblies (138ms)
			RebuildTransferFunctionScriptingTraits (0ms)
			SetupTypeCache (282ms)
			ReleaseScriptCaches (1ms)
			RebuildScriptCaches (43ms)
			SetupLoadedEditorAssemblies (370ms)
				LogAssemblyErrors (0ms)
				InitializePlatformSupportModulesInManaged (6ms)
				SetLoadedEditorAssemblies (1ms)
				RefreshPlugins (1ms)
				BeforeProcessingInitializeOnLoad (101ms)
				ProcessInitializeOnLoadAttributes (230ms)
				ProcessInitializeOnLoadMethodAttributes (13ms)
				AfterProcessingInitializeOnLoad (18ms)
				EditorAssembliesLoaded (0ms)
			ExecutionOrderSort2 (0ms)
			AwakeInstancesAfterBackupRestoration (7ms)
Platform modules already initialized, skipping
Refreshing native plugins compatible for Editor in 0.36 ms, found 2 plugins.
Preloading 0 native plugins for Editor in 0.00 ms.
Unloading 1508 Unused Serialized files (Serialized files now loaded: 0)
System memory in use before: 73.2 MB.
System memory in use after: 73.3 MB.

Unloading 14 unused Assets to reduce memory usage. Loaded Objects now: 2021.
Total: 2.433100 ms (FindLiveObjects: 0.132800 ms CreateObjectMapping: 0.049800 ms MarkObjects: 2.235100 ms  DeleteObjects: 0.014400 ms)

AssetImportParameters requested are different than current active one (requested -> active):
  custom:framework-win-MediaFoundation: 216162199b28c13a410421893ffa2e32 -> 
  custom:video-decoder-ogg-theora: a1e56fd34408186e4bbccfd4996cb3dc -> 
  custom:container-muxer-webm: aa71ff27fc2769a1b78a27578f13a17b -> 
  custom:container-demuxer-webm: 4f35f7cbe854078d1ac9338744f61a02 -> 
  custom:container-demuxer-ogg: 62fdf1f143b41e24485cea50d1cbac27 -> 
  custom:video-encoder-webm-vp8: eb34c28f22e8b96e1ab97ce403110664 -> 
  custom:video-decoder-webm-vp8: 9c59270c3fd7afecdb556c50c9e8de78 -> 
  custom:audio-decoder-ogg-vorbis: bf7c407c2cedff20999df2af8eb42d56 -> 
  custom:audio-encoder-webm-vorbis: bf7c407c2cedff20999df2af8eb42d56 -> 
========================================================================
Received Import Request.
  Time since last request: 168.279032 seconds.
  path: Assets/Kovu/Kovu.jpg
  artifactKey: Guid(e6f043f03293b5049b6ebf9382c38e38) Importer(815301076,1909f56bfc062723c751e8b465ee728b)
Start importing Assets/Kovu/Kovu.jpg using Guid(e6f043f03293b5049b6ebf9382c38e38) Importer(815301076,1909f56bfc062723c751e8b465ee728b)  -> (artifact id: '50e82f0d617d3e19db8432d089b51afe') in 0.045334 seconds 
  Import took 0.048142 seconds .

========================================================================
Received Import Request.
  Time since last request: 5.072626 seconds.
  path: Assets/Kovu/CameraSystems/Scripts/CameraController.cs
  artifactKey: Guid(fd2c8219ed01d0b408eee3cb25ffe703) Importer(815301076,1909f56bfc062723c751e8b465ee728b)
Start importing Assets/Kovu/CameraSystems/Scripts/CameraController.cs using Guid(fd2c8219ed01d0b408eee3cb25ffe703) Importer(815301076,1909f56bfc062723c751e8b465ee728b)  -> (artifact id: 'cf6facb908353fd76e20edab566db8c6') in 0.006507 seconds 
  Import took 0.009134 seconds .

========================================================================
Received Import Request.
  Time since last request: 0.617652 seconds.
  path: Assets/Kovu/CameraSystems/Scripts/Focuser.cs
  artifactKey: Guid(eb7fb4dcaab98b74d8b535ba51c17fe2) Importer(815301076,1909f56bfc062723c751e8b465ee728b)
Start importing Assets/Kovu/CameraSystems/Scripts/Focuser.cs using Guid(eb7fb4dcaab98b74d8b535ba51c17fe2) Importer(815301076,1909f56bfc062723c751e8b465ee728b)  -> (artifact id: '76f984ceec03720dbff854e09cceaf20') in 0.006207 seconds 
  Import took 0.009005 seconds .

========================================================================
Received Import Request.
  Time since last request: 4.026041 seconds.
  path: Assets/Kovu/EventSystems/Demo/Animations
  artifactKey: Guid(0c3b5f7c588f4254287f15c8f4af91b6) Importer(815301076,1909f56bfc062723c751e8b465ee728b)
Start importing Assets/Kovu/EventSystems/Demo/Animations using Guid(0c3b5f7c588f4254287f15c8f4af91b6) Importer(815301076,1909f56bfc062723c751e8b465ee728b)  -> (artifact id: '2ec05e0c4bdef9ece5a3bba53abb9eb8') in 0.006592 seconds 
  Import took 0.009388 seconds .

========================================================================
Received Import Request.
  Time since last request: 1.560461 seconds.
  path: Assets/Kovu/EventSystems/Demo/Animations/Cube.controller
  artifactKey: Guid(681e7743a12af784894ce164a855089b) Importer(815301076,1909f56bfc062723c751e8b465ee728b)
Start importing Assets/Kovu/EventSystems/Demo/Animations/Cube.controller using Guid(681e7743a12af784894ce164a855089b) Importer(815301076,1909f56bfc062723c751e8b465ee728b)  -> (artifact id: '11d05a1718af0a6cf5070f0fc8e3e323') in 0.013815 seconds 
  Import took 0.016583 seconds .

========================================================================
Received Import Request.
  Time since last request: 5.094998 seconds.
  path: Assets/Kovu/EventSystems/Editor/ButtonMaskEditor.cs
  artifactKey: Guid(e73e53f7c02234642bb23dd1f89ec4ee) Importer(815301076,1909f56bfc062723c751e8b465ee728b)
Start importing Assets/Kovu/EventSystems/Editor/ButtonMaskEditor.cs using Guid(e73e53f7c02234642bb23dd1f89ec4ee) Importer(815301076,1909f56bfc062723c751e8b465ee728b)  -> (artifact id: 'b9f6d6008706bcaca007cfc97a653896') in 0.006724 seconds 
  Import took 0.009527 seconds .

========================================================================
Received Import Request.
  Time since last request: 1.536116 seconds.
  path: Assets/Kovu/EventSystems/Editor/PointerEventTriggerEditor.cs
  artifactKey: Guid(d7db2e13b430983478e5059003590460) Importer(815301076,1909f56bfc062723c751e8b465ee728b)
Start importing Assets/Kovu/EventSystems/Editor/PointerEventTriggerEditor.cs using Guid(d7db2e13b430983478e5059003590460) Importer(815301076,1909f56bfc062723c751e8b465ee728b)  -> (artifact id: 'a07ef4e69aaa8d73a8ebb30904dbfbc1') in 0.006620 seconds 
  Import took 0.009279 seconds .

========================================================================
Received Import Request.
  Time since last request: 3.699662 seconds.
  path: Assets/Kovu/EventSystems/Editor/FilteredEventTriggerEditor.cs
  artifactKey: Guid(54e74e32cde34ea42af63efd14a8ea1b) Importer(815301076,1909f56bfc062723c751e8b465ee728b)
Start importing Assets/Kovu/EventSystems/Editor/FilteredEventTriggerEditor.cs using Guid(54e74e32cde34ea42af63efd14a8ea1b) Importer(815301076,1909f56bfc062723c751e8b465ee728b)  -> (artifact id: 'c6f35c21ad9a69c8fab3804dadc7eb86') in 0.006326 seconds 
  Import took 0.009068 seconds .

========================================================================
Received Import Request.
  Time since last request: 4.581544 seconds.
  path: Assets/Kovu/CameraSystems/Scripts
  artifactKey: Guid(ed074577e43ebd0468c7a6dcf933bbb2) Importer(815301076,1909f56bfc062723c751e8b465ee728b)
Start importing Assets/Kovu/CameraSystems/Scripts using Guid(ed074577e43ebd0468c7a6dcf933bbb2) Importer(815301076,1909f56bfc062723c751e8b465ee728b)  -> (artifact id: 'b001e1751e3b9dd4d4dc68f7c9464e2e') in 0.006788 seconds 
  Import took 0.009516 seconds .

AssetImportWorkerClient::OnTransportError - code=2 error=End of file
